<?xml version="1.0" encoding="UTF-8"?>
<testng-results ignored="0" total="1" passed="1" failed="0" skipped="0">
  <reporter-output>
  </reporter-output>
  <suite started-at="2021-03-03T11:52:48 IST" name="FirstMatchAdmin" finished-at="2021-03-03T11:53:03 IST" duration-ms="15285">
    <groups>
    </groups>
    <test started-at="2021-03-03T11:52:48 IST" name="FirstMatch Test" finished-at="2021-03-03T11:53:03 IST" duration-ms="15285">
      <class name="com.FirstMatchAdmin.testcases.TC_ConfigurePage_Users_011">
        <test-method is-config="true" signature="setup(java.lang.String)[pri:0, instance:com.FirstMatchAdmin.testcases.TC_ConfigurePage_Users_011@6cc7b4de]" started-at="2021-03-03T11:52:48 IST" name="setup" finished-at="2021-03-03T11:52:54 IST" duration-ms="5623" status="PASS">
          <params>
            <param index="0">
              <value>
                <![CDATA[chrome]]>
              </value>
            </param>
          </params>
          <reporter-output>
          </reporter-output>
        </test-method> <!-- setup -->
        <test-method signature="displyConfigadsc()[pri:0, instance:com.FirstMatchAdmin.testcases.TC_ConfigurePage_Users_011@6cc7b4de]" started-at="2021-03-03T11:52:54 IST" name="displyConfigadsc" finished-at="2021-03-03T11:53:03 IST" duration-ms="9292" status="PASS">
          <reporter-output>
          </reporter-output>
        </test-method> <!-- displyConfigadsc -->
      </class> <!-- com.FirstMatchAdmin.testcases.TC_ConfigurePage_Users_011 -->
    </test> <!-- FirstMatch Test -->
  </suite> <!-- FirstMatchAdmin -->
</testng-results>
